c:\users\aleks\desktop\2021spring\compgraph\tracer\rayskels20\rayskels20\debug\vc142.pdb
c:\users\aleks\desktop\2021spring\compgraph\tracer\rayskels20\rayskels20\debug\vc142.idb
c:\users\aleks\desktop\2021spring\compgraph\tracer\rayskels20\rayskels20\debug\trimesh.obj
c:\users\aleks\desktop\2021spring\compgraph\tracer\rayskels20\rayskels20\debug\square.obj
c:\users\aleks\desktop\2021spring\compgraph\tracer\rayskels20\rayskels20\debug\sphere.obj
c:\users\aleks\desktop\2021spring\compgraph\tracer\rayskels20\rayskels20\debug\cylinder.obj
c:\users\aleks\desktop\2021spring\compgraph\tracer\rayskels20\rayskels20\debug\cone.obj
c:\users\aleks\desktop\2021spring\compgraph\tracer\rayskels20\rayskels20\debug\box.obj
c:\users\aleks\desktop\2021spring\compgraph\tracer\rayskels20\rayskels20\debug\scene.obj
c:\users\aleks\desktop\2021spring\compgraph\tracer\rayskels20\rayskels20\debug\ray.obj
c:\users\aleks\desktop\2021spring\compgraph\tracer\rayskels20\rayskels20\debug\material.obj
c:\users\aleks\desktop\2021spring\compgraph\tracer\rayskels20\rayskels20\debug\light.obj
c:\users\aleks\desktop\2021spring\compgraph\tracer\rayskels20\rayskels20\debug\camera.obj
c:\users\aleks\desktop\2021spring\compgraph\tracer\rayskels20\rayskels20\debug\vecmath.obj
c:\users\aleks\desktop\2021spring\compgraph\tracer\rayskels20\rayskels20\debug\read.obj
c:\users\aleks\desktop\2021spring\compgraph\tracer\rayskels20\rayskels20\debug\parse.obj
c:\users\aleks\desktop\2021spring\compgraph\tracer\rayskels20\rayskels20\debug\bitmap.obj
c:\users\aleks\desktop\2021spring\compgraph\tracer\rayskels20\rayskels20\debug\traceui.obj
c:\users\aleks\desktop\2021spring\compgraph\tracer\rayskels20\rayskels20\debug\traceglwindow.obj
c:\users\aleks\desktop\2021spring\compgraph\tracer\rayskels20\rayskels20\debug\raytracer.obj
c:\users\aleks\desktop\2021spring\compgraph\tracer\rayskels20\rayskels20\debug\main.obj
c:\users\aleks\desktop\2021spring\compgraph\tracer\rayskels20\rayskels20\debug\getopt.obj
c:\users\aleks\desktop\2021spring\compgraph\tracer\rayskels20\rayskels20\debug\ray.ilk
c:\users\aleks\desktop\2021spring\compgraph\tracer\rayskels20\rayskels20\debug\ray.exe
c:\users\aleks\desktop\2021spring\compgraph\tracer\rayskels20\rayskels20\debug\ray.pdb
c:\users\aleks\desktop\2021spring\compgraph\tracer\assignment3\rayskels20\rayskels20\debug\bitmap.obj
c:\users\aleks\desktop\2021spring\compgraph\tracer\assignment3\rayskels20\rayskels20\debug\box.obj
c:\users\aleks\desktop\2021spring\compgraph\tracer\assignment3\rayskels20\rayskels20\debug\camera.obj
c:\users\aleks\desktop\2021spring\compgraph\tracer\assignment3\rayskels20\rayskels20\debug\cone.obj
c:\users\aleks\desktop\2021spring\compgraph\tracer\assignment3\rayskels20\rayskels20\debug\cylinder.obj
c:\users\aleks\desktop\2021spring\compgraph\tracer\assignment3\rayskels20\rayskels20\debug\getopt.obj
c:\users\aleks\desktop\2021spring\compgraph\tracer\assignment3\rayskels20\rayskels20\debug\light.obj
c:\users\aleks\desktop\2021spring\compgraph\tracer\assignment3\rayskels20\rayskels20\debug\main.obj
c:\users\aleks\desktop\2021spring\compgraph\tracer\assignment3\rayskels20\rayskels20\debug\material.obj
c:\users\aleks\desktop\2021spring\compgraph\tracer\assignment3\rayskels20\rayskels20\debug\parse.obj
c:\users\aleks\desktop\2021spring\compgraph\tracer\assignment3\rayskels20\rayskels20\debug\ray.obj
c:\users\aleks\desktop\2021spring\compgraph\tracer\assignment3\rayskels20\rayskels20\debug\raytracer.obj
c:\users\aleks\desktop\2021spring\compgraph\tracer\assignment3\rayskels20\rayskels20\debug\read.obj
c:\users\aleks\desktop\2021spring\compgraph\tracer\assignment3\rayskels20\rayskels20\debug\scene.obj
c:\users\aleks\desktop\2021spring\compgraph\tracer\assignment3\rayskels20\rayskels20\debug\sphere.obj
c:\users\aleks\desktop\2021spring\compgraph\tracer\assignment3\rayskels20\rayskels20\debug\square.obj
c:\users\aleks\desktop\2021spring\compgraph\tracer\assignment3\rayskels20\rayskels20\debug\traceglwindow.obj
c:\users\aleks\desktop\2021spring\compgraph\tracer\assignment3\rayskels20\rayskels20\debug\traceui.obj
c:\users\aleks\desktop\2021spring\compgraph\tracer\assignment3\rayskels20\rayskels20\debug\trimesh.obj
c:\users\aleks\desktop\2021spring\compgraph\tracer\assignment3\rayskels20\rayskels20\debug\vecmath.obj
c:\users\aleks\desktop\2021spring\compgraph\tracer\assignment3\rayskels20\rayskels20\debug\ray.ilk
c:\users\aleks\desktop\2021spring\compgraph\tracer\assignment3\rayskels20\rayskels20\debug\vc142.idb
c:\users\aleks\desktop\2021spring\compgraph\tracer\assignment3\rayskels20\rayskels20\debug\ray.pdb
c:\users\aleks\desktop\2021spring\compgraph\tracer\assignment3\rayskels20\rayskels20\debug\vc142.pdb
c:\users\aleks\desktop\2021spring\compgraph\tracer\assignment3\rayskels20\rayskels20\debug\ray.exe
c:\users\aleks\desktop\2021spring\compgraph\tracer\assignment3\rayskels20\rayskels20\debug\ray.tlog\cl.command.1.tlog
c:\users\aleks\desktop\2021spring\compgraph\tracer\assignment3\rayskels20\rayskels20\debug\ray.tlog\cl.read.1.tlog
c:\users\aleks\desktop\2021spring\compgraph\tracer\assignment3\rayskels20\rayskels20\debug\ray.tlog\cl.write.1.tlog
c:\users\aleks\desktop\2021spring\compgraph\tracer\assignment3\rayskels20\rayskels20\debug\ray.tlog\link.command.1.tlog
c:\users\aleks\desktop\2021spring\compgraph\tracer\assignment3\rayskels20\rayskels20\debug\ray.tlog\link.read.1.tlog
c:\users\aleks\desktop\2021spring\compgraph\tracer\assignment3\rayskels20\rayskels20\debug\ray.tlog\link.write.1.tlog
